2013-03-04T20:09:35+00:00 app[web.1]:   vendor/bundle/ruby/1.9.1/gems/actionpack-3.2.7/lib/action_view/renderer/template_renderer.rb:47:in `block (2 levels) in render_template'
2013-03-04T20:09:35+00:00 app[web.1]:   vendor/bundle/ruby/1.9.1/gems/actionpack-3.2.7/lib/abstract_controller/rendering.rb:103:in `render_to_body'
2013-03-04T20:09:35+00:00 app[web.1]:   vendor/bundle/ruby/1.9.1/gems/activeadmin-0.5.1/lib/active_admin/resource_controller/actions.rb:13:in `block (2 levels) in index'
2013-03-04T20:09:35+00:00 app[web.1]:   /usr/local/lib/ruby/1.9.1/benchmark.rb:310:in `realtime'
2013-03-04T20:09:35+00:00 app[web.1]:   vendor/bundle/ruby/1.9.1/gems/activerecord-3.2.7/lib/active_record/railties/controller_runtime.rb:24:in `cleanup_view_runtime'
2013-03-04T20:09:35+00:00 app[web.1]:   vendor/bundle/ruby/1.9.1/gems/actionpack-3.2.7/lib/action_controller/metal/responder.rb:230:in `call'
2013-03-04T20:09:35+00:00 app[web.1]:   vendor/bundle/ruby/1.9.1/gems/actionpack-3.2.7/lib/action_controller/metal/responder.rb:230:in `default_render'
2013-03-04T20:09:35+00:00 app[web.1]:   vendor/bundle/ruby/1.9.1/gems/actionpack-3.2.7/lib/action_controller/metal/instrumentation.rb:83:in `cleanup_view_runtime'
2013-03-04T20:09:35+00:00 app[web.1]:   vendor/bundle/ruby/1.9.1/gems/actionpack-3.2.7/lib/action_controller/metal/instrumentation.rb:39:in `render'
2013-03-04T20:09:35+00:00 app[web.1]:   vendor/bundle/ruby/1.9.1/gems/activesupport-3.2.7/lib/active_support/core_ext/benchmark.rb:5:in `ms'
2013-03-04T20:09:35+00:00 app[web.1]:   vendor/bundle/ruby/1.9.1/gems/actionpack-3.2.7/lib/action_controller/metal/responder.rb:160:in `to_html'
2013-03-04T20:09:35+00:00 app[web.1]:   vendor/bundle/ruby/1.9.1/gems/responders-0.9.3/lib/responders/flash_responder.rb:104:in `to_html'
2013-03-04T20:09:35+00:00 app[web.1]:   vendor/bundle/ruby/1.9.1/gems/activeadmin-0.5.1/lib/active_admin/resource_controller/actions.rb:11:in `index'
2013-03-04T20:09:35+00:00 app[web.1]:   vendor/bundle/ruby/1.9.1/gems/actionpack-3.2.7/lib/action_controller/metal/implicit_render.rb:4:in `send_action'
2013-03-04T20:09:35+00:00 app[web.1]:   vendor/bundle/ruby/1.9.1/gems/inherited_resources-1.3.1/lib/inherited_resources/actions.rb:7:in `index'
2013-03-04T20:09:35+00:00 app[web.1]:   vendor/bundle/ruby/1.9.1/gems/actionpack-3.2.7/lib/action_controller/metal/mime_responds.rb:239:in `respond_with'
2013-03-04T20:09:35+00:00 app[web.1]:   vendor/bundle/ruby/1.9.1/gems/activesupport-3.2.7/lib/active_support/callbacks.rb:469:in `_run__2983766192458494679__process_action__365499334584288222__callbacks'
2013-03-04T20:09:35+00:00 app[web.1]:   vendor/bundle/ruby/1.9.1/gems/actionpack-3.2.7/lib/abstract_controller/base.rb:167:in `process_action'
2013-03-04T20:09:35+00:00 app[web.1]:   vendor/bundle/ruby/1.9.1/gems/actionpack-3.2.7/lib/action_controller/metal/responder.rb:153:in `respond'
2013-03-04T20:09:35+00:00 app[web.1]:   vendor/bundle/ruby/1.9.1/gems/actionpack-3.2.7/lib/action_controller/metal/responder.rb:146:in `call'
2013-03-04T20:09:35+00:00 app[web.1]:   vendor/bundle/ruby/1.9.1/gems/activesupport-3.2.7/lib/active_support/callbacks.rb:405:in `__run_callback'
2013-03-04T20:09:35+00:00 app[web.1]:   vendor/bundle/ruby/1.9.1/gems/actionpack-3.2.7/lib/action_controller/metal/rendering.rb:10:in `process_action'
2013-03-04T20:09:35+00:00 app[web.1]:   vendor/bundle/ruby/1.9.1/gems/activesupport-3.2.7/lib/active_support/callbacks.rb:385:in `_run_process_action_callbacks'
2013-03-04T20:09:35+00:00 app[web.1]:   vendor/bundle/ruby/1.9.1/gems/activesupport-3.2.7/lib/active_support/callbacks.rb:81:in `run_callbacks'
2013-03-04T20:09:35+00:00 app[web.1]:   vendor/bundle/ruby/1.9.1/gems/actionpack-3.2.7/lib/abstract_controller/callbacks.rb:17:in `process_action'
2013-03-04T20:09:35+00:00 app[web.1]:   vendor/bundle/ruby/1.9.1/gems/actionpack-3.2.7/lib/action_controller/metal/rescue.rb:29:in `process_action'
2013-03-04T20:09:35+00:00 app[web.1]:   vendor/bundle/ruby/1.9.1/gems/activesupport-3.2.7/lib/active_support/notifications.rb:123:in `instrument'
2013-03-04T20:09:35+00:00 app[web.1]:   vendor/bundle/ruby/1.9.1/gems/actionpack-3.2.7/lib/abstract_controller/callbacks.rb:18:in `block in process_action'
2013-03-04T20:09:35+00:00 app[web.1]:   vendor/bundle/ruby/1.9.1/gems/actionpack-3.2.7/lib/action_controller/metal/instrumentation.rb:29:in `process_action'
2013-03-04T20:09:35+00:00 app[web.1]:   vendor/bundle/ruby/1.9.1/gems/rack-1.4.1/lib/rack/session/abstract/id.rb:205:in `context'
2013-03-04T20:09:35+00:00 app[web.1]:   vendor/bundle/ruby/1.9.1/gems/rack-1.4.1/lib/rack/session/abstract/id.rb:200:in `call'
2013-03-04T20:09:35+00:00 app[web.1]:   vendor/bundle/ruby/1.9.1/gems/actionpack-3.2.7/lib/action_dispatch/middleware/cookies.rb:338:in `call'
2013-03-04T20:09:35+00:00 app[web.1]:   vendor/bundle/ruby/1.9.1/gems/activerecord-3.2.7/lib/active_record/query_cache.rb:64:in `call'
2013-03-04T20:09:35+00:00 app[web.1]:   vendor/bundle/ruby/1.9.1/gems/activerecord-3.2.7/lib/active_record/connection_adapters/abstract/connection_pool.rb:473:in `call'
2013-03-04T20:09:35+00:00 app[web.1]:   vendor/bundle/ruby/1.9.1/gems/actionpack-3.2.7/lib/action_dispatch/middleware/callbacks.rb:28:in `block in call'
2013-03-04T20:09:35+00:00 app[web.1]:   vendor/bundle/ruby/1.9.1/gems/actionpack-3.2.7/lib/action_controller/metal/rack_delegation.rb:14:in `dispatch'
2013-03-04T20:09:35+00:00 app[web.1]:   vendor/bundle/ruby/1.9.1/gems/actionpack-3.2.7/lib/abstract_controller/rendering.rb:45:in `process'
2013-03-04T20:09:35+00:00 app[web.1]:   vendor/bundle/ruby/1.9.1/gems/activesupport-3.2.7/lib/active_support/callbacks.rb:405:in `_run__2039942522226179955__call__4479016413475606476__callbacks'
2013-03-04T20:09:35+00:00 app[web.1]:   vendor/bundle/ruby/1.9.1/gems/activesupport-3.2.7/lib/active_support/callbacks.rb:405:in `__run_callback'
2013-03-04T20:09:35+00:00 app[web.1]:   vendor/bundle/ruby/1.9.1/gems/activesupport-3.2.7/lib/active_support/callbacks.rb:385:in `_run_call_callbacks'
2013-03-04T20:09:35+00:00 app[web.1]:   vendor/bundle/ruby/1.9.1/gems/activesupport-3.2.7/lib/active_support/callbacks.rb:81:in `run_callbacks'
2013-03-04T20:09:35+00:00 app[web.1]:   vendor/bundle/ruby/1.9.1/gems/actionpack-3.2.7/lib/action_dispatch/middleware/callbacks.rb:27:in `call'
2013-03-04T20:09:35+00:00 app[web.1]:   vendor/bundle/ruby/1.9.1/gems/actionpack-3.2.7/lib/action_dispatch/middleware/remote_ip.rb:31:in `call'
2013-03-04T20:09:35+00:00 app[web.1]:   vendor/bundle/ruby/1.9.1/gems/actionpack-3.2.7/lib/action_dispatch/middleware/debug_exceptions.rb:16:in `call'
2013-03-04T20:09:35+00:00 app[web.1]:   vendor/bundle/ruby/1.9.1/gems/actionpack-3.2.7/lib/action_dispatch/middleware/show_exceptions.rb:56:in `call'
2013-03-04T20:09:35+00:00 app[web.1]:   vendor/bundle/ruby/1.9.1/gems/railties-3.2.7/lib/rails/rack/logger.rb:26:in `call_app'
2013-03-04T20:09:35+00:00 app[web.1]:   vendor/bundle/ruby/1.9.1/gems/actionpack-3.2.7/lib/action_controller/metal/params_wrapper.rb:207:in `process_action'
2013-03-04T20:09:35+00:00 app[web.1]:   vendor/bundle/ruby/1.9.1/gems/activerecord-3.2.7/lib/active_record/railties/controller_runtime.rb:18:in `process_action'
2013-03-04T20:09:35+00:00 app[web.1]:   vendor/bundle/ruby/1.9.1/gems/actionpack-3.2.7/lib/action_controller/metal.rb:246:in `block in action'
2013-03-04T20:09:35+00:00 app[web.1]:   vendor/bundle/ruby/1.9.1/gems/actionpack-3.2.7/lib/action_dispatch/routing/route_set.rb:36:in `call'
2013-03-04T20:09:35+00:00 app[web.1]:   vendor/bundle/ruby/1.9.1/gems/journey-1.0.4/lib/journey/router.rb:68:in `block in call'
2013-03-04T20:09:35+00:00 app[web.1]:   vendor/bundle/ruby/1.9.1/gems/actionpack-3.2.7/lib/action_dispatch/middleware/best_standards_support.rb:17:in `call'
2013-03-04T20:09:35+00:00 app[web.1]:   vendor/bundle/ruby/1.9.1/gems/activesupport-3.2.7/lib/active_support/notifications/instrumenter.rb:20:in `instrument'
2013-03-04T20:09:35+00:00 app[web.1]:   vendor/bundle/ruby/1.9.1/gems/actionpack-3.2.7/lib/action_dispatch/routing/route_set.rb:73:in `call'
2013-03-04T20:09:35+00:00 app[web.1]:   vendor/bundle/ruby/1.9.1/gems/sass-3.2.5/lib/sass/plugin/rack.rb:54:in `call'
2013-03-04T20:09:35+00:00 app[web.1]:   vendor/bundle/ruby/1.9.1/gems/rack-1.4.1/lib/rack/etag.rb:23:in `call'
2013-03-04T20:09:35+00:00 app[web.1]:   vendor/bundle/ruby/1.9.1/gems/journey-1.0.4/lib/journey/router.rb:56:in `each'
2013-03-04T20:09:35+00:00 app[web.1]:   vendor/bundle/ruby/1.9.1/gems/actionpack-3.2.7/lib/action_controller/metal/instrumentation.rb:30:in `block in process_action'
2013-03-04T20:09:35+00:00 app[web.1]:   vendor/bundle/ruby/1.9.1/gems/actionpack-3.2.7/lib/action_dispatch/routing/route_set.rb:600:in `call'
2013-03-04T20:09:35+00:00 app[web.1]:   vendor/bundle/ruby/1.9.1/gems/actionpack-3.2.7/lib/action_controller/metal.rb:203:in `dispatch'
2013-03-04T20:09:35+00:00 app[web.1]:   vendor/bundle/ruby/1.9.1/gems/actionpack-3.2.7/lib/action_dispatch/routing/route_set.rb:73:in `dispatch'
2013-03-04
T20:09:35+00:00 app[web.1]:   vendor/bundle/ruby/1.9.1/gems/warden-1.2.1/lib/warden/manager.rb:34:in `call'
2013-03-04T20:09:35+00:00 app[web.1]:   vendor/bundle/ruby/1.9.1/gems/journey-1.0.4/lib/journey/router.rb:56:in `call'
2013-03-04T20:09:35+00:00 app[web.1]:   vendor/bundle/ruby/1.9.1/gems/actionpack-3.2.7/lib/abstract_controller/base.rb:121:in `process'
2013-03-04T20:09:35+00:00 app[web.1]:   vendor/bundle/ruby/1.9.1/gems/warden-1.2.1/lib/warden/manager.rb:35:in `block in call'
2013-03-04T20:09:35+00:00 app[web.1]:   vendor/bundle/ruby/1.9.1/gems/actionpack-3.2.7/lib/action_dispatch/middleware/head.rb:14:in `call'
2013-03-04T20:09:35+00:00 app[web.1]:   vendor/bundle/ruby/1.9.1/gems/actionpack-3.2.7/lib/action_dispatch/middleware/flash.rb:242:in `call'
2013-03-04T20:09:35+00:00 app[web.1]:   vendor/bundle/ruby/1.9.1/gems/rack-1.4.1/lib/rack/conditionalget.rb:25:in `call'
2013-03-04T20:09:35+00:00 app[web.1]:   vendor/bundle/ruby/1.9.1/gems/railties-3.2.7/lib/rails/rack/logger.rb:16:in `call'
2013-03-04T20:09:35+00:00 app[web.1]:   vendor/bundle/ruby/1.9.1/gems/actionpack-3.2.7/lib/action_dispatch/middleware/request_id.rb:22:in `call'
2013-03-04T20:09:35+00:00 app[web.1]:   vendor/bundle/ruby/1.9.1/gems/rack-1.4.1/lib/rack/methodoverride.rb:21:in `call'
2013-03-04T20:09:35+00:00 app[web.1]:   vendor/bundle/ruby/1.9.1/gems/rack-1.4.1/lib/rack/runtime.rb:17:in `call'
2013-03-04T20:09:35+00:00 app[web.1]:   vendor/bundle/ruby/1.9.1/gems/activesupport-3.2.7/lib/active_support/cache/strategy/local_cache.rb:72:in `call'
2013-03-04T20:09:35+00:00 app[web.1]:   vendor/bundle/ruby/1.9.1/gems/rack-1.4.1/lib/rack/lock.rb:15:in `call'
2013-03-04T20:09:35+00:00 app[web.1]:   vendor/bundle/ruby/1.9.1/gems/actionpack-3.2.7/lib/action_dispatch/middleware/static.rb:62:in `call'
2013-03-04T20:09:35+00:00 app[web.1]:   vendor/bundle/ruby/1.9.1/gems/rack-cache-1.2/lib/rack/cache/context.rb:136:in `forward'
2013-03-04T20:09:35+00:00 app[web.1]:   vendor/bundle/ruby/1.9.1/gems/rack-cache-1.2/lib/rack/cache/context.rb:245:in `fetch'
2013-03-04T20:09:35+00:00 app[web.1]:   vendor/bundle/ruby/1.9.1/gems/rack-cache-1.2/lib/rack/cache/context.rb:185:in `lookup'
2013-03-04T20:09:35+00:00 app[web.1]:   vendor/bundle/ruby/1.9.1/gems/rack-cache-1.2/lib/rack/cache/context.rb:66:in `call!'
2013-03-04T20:09:35+00:00 app[web.1]:   vendor/bundle/ruby/1.9.1/gems/activesupport-3.2.7/lib/active_support/notifications.rb:123:in `block in instrument'
2013-03-04T20:09:35+00:00 app[web.1]:   vendor/bundle/ruby/1.9.1/gems/warden-1.2.1/lib/warden/manager.rb:34:in `catch'
2013-03-04T20:09:35+00:00 app[web.1]:   vendor/bundle/ruby/1.9.1/gems/actionpack-3.2.7/lib/action_dispatch/middleware/params_parser.rb:21:in `call'
2013-03-04T20:09:35+00:00 app[web.1]:   vendor/bundle/ruby/1.9.1/gems/rack-1.4.1/lib/rack/content_length.rb:14:in `call'
2013-03-04T20:09:35+00:00 app[web.1]:   vendor/bundle/ruby/1.9.1/gems/rack-1.4.1/lib/rack/handler/webrick.rb:59:in `service'
2013-03-04T20:09:35+00:00 app[web.1]:   /usr/local/lib/ruby/1.9.1/webrick/httpserver.rb:70:in `run'
2013-03-04T20:09:35+00:00 app[web.1]: 
2013-03-04T20:09:35+00:00 app[web.1]:   vendor/bundle/ruby/1.9.1/gems/rack-cache-1.2/lib/rack/cache/context.rb:51:in `call'
2013-03-04T20:09:35+00:00 app[web.1]:   vendor/bundle/ruby/1.9.1/gems/railties-3.2.7/lib/rails/rack/log_tailer.rb:17:in `call'
2013-03-04T20:09:35+00:00 app[web.1]:   /usr/local/lib/ruby/1.9.1/webrick/httpserver.rb:111:in `service'
2013-03-04T20:09:35+00:00 app[web.1]:   vendor/bundle/ruby/1.9.1/gems/railties-3.2.7/lib/rails/engine.rb:479:in `call'
2013-03-04T20:09:35+00:00 app[web.1]:   vendor/bundle/ruby/1.9.1/gems/railties-3.2.7/lib/rails/application.rb:220:in `call'
2013-03-04T20:09:35+00:00 app[web.1]: 
2013-03-04T20:09:35+00:00 app[web.1]: Processing by Admin::ProfilesController#index as HTML
2013-03-04T20:09:35+00:00 app[web.1]:   /usr/local/lib/ruby/1.9.1/webrick/server.rb:183:in `block in start_thread'
2013-03-04T20:09:35+00:00 app[web.1]:   Rendered vendor/bundle/ruby/1.9.1/gems/activeadmin-0.5.1/app/views/active_admin/resource/index.html.arb (2511.0ms)
2013-03-04T20:09:35+00:00 app[web.1]: Completed 500 Internal Server Error in 2703ms
2013-03-04T20:09:36+00:00 app[web.1]: DEPRECATION WARNING: You have Rails 2.3-style plugins in vendor/plugins! Support for these plugins will be removed in Rails 4.0. Move them out and bundle them in your Gemfile, or fold them in to your app as lib/myplugin/* and config/initializers/myplugin.rb. See the release notes for more on this: http://weblog.rubyonrails.org/2012/1/4/rails-3-2-0-rc2-has-been-released. (called from <top (required)> at /app/config/environment.rb:5)
2013-03-04T20:09:36+00:00 app[web.1]: DEPRECATION WARNING: You have Rails 2.3-style plugins in vendor/plugins! Support for these plugins will be removed in Rails 4.0. Move them out and bundle them in your Gemfile, or fold them in to your app as lib/myplugin/* and config/initializers/myplugin.rb. See the release notes for more on this: http://weblog.rubyonrails.org/2012/1/4/rails-3-2-0-rc2-has-been-released. (called from <top (required)> at /app/config/environment.rb:5)
2013-03-04T20:09:40+00:00 heroku[web.1]: Error R12 (Exit timeout) -> At least one process failed to exit within 10 seconds of SIGTERM
2013-03-04T20:09:40+00:00 heroku[web.1]: Stopping remaining processes with SIGKILL
2013-03-04T20:09:43+00:00 heroku[web.1]: Process exited with status 137
2013-03-04T20:09:44+00:00 app[web.1]: [2013-03-04 20:09:44] INFO  WEBrick 1.3.1
2013-03-04T20:09:44+00:00 app[web.1]: [2013-03-04 20:09:44] INFO  ruby 1.9.2 (2011-07-09) [x86_64-linux]
2013-03-04T20:09:44+00:00 app[web.1]: [2013-03-04 20:09:44] INFO  WEBrick::HTTPServer#start: pid=2 port=55288
2013-03-04T20:09:44+00:00 heroku[web.1]: State changed from starting to up
2013-03-04T20:09:45+00:00 app[web.1]: => Booting WEBrick
2013-03-04T20:09:45+00:00 app[web.1]: => Rails 3.2.7 application starting in production on http://0.0.0.0:55288
2013-03-04T20:09:45+00:00 app[web.1]: => Call with -d to detach
2013-03-04T20:09:45+00:00 app[web.1]: => Ctrl-C to shutdown server
2013-03-04T20:09:45+00:00 app[web.1]: 
2013-03-04T20:09:45+00:00 app[web.1]: 
2013-03-04T20:09:45+00:00 app[web.1]: Started GET "/admin/profiles" for 58.186.154.214 at 2013-03-04 20:09:45 +0000
2013-03-04T20:09:36+00:00 heroku[router]: at=info method=GET path=/favicon.ico host=mfblog.herokuapp.com fwd="58.186.154.214" dyno=web.1 queue=0 wait=0ms connect=0ms service=72ms status=304 bytes=0
2013-03-04T20:09:46+00:00 app[web.1]: Processing by Admin::ProfilesController#index as HTML
2013-03-04T20:09:46+00:00 app[web.1]:   Rendered vendor/bundle/ruby/1.9.1/gems/activeadmin-0.5.1/app/views/active_admin/resource/index.html.arb (704.1ms)
2013-03-04T20:09:46+00:00 app[web.1]: Completed 200 OK in 897ms (Views: 779.5ms | ActiveRecord: 25.5ms)
2013-03-04T20:09:46+00:00 heroku[router]: at=info method=GET path=/admin/profiles host=mfblog.herokuapp.com fwd="58.186.154.214" dyno=web.1 queue=0 wait=0ms connect=1ms service=1092ms status=200 bytes=9603
2013-03-04T20:09:47+00:00 heroku[router]: at=info method=GET path=/assets/admin/active_admin-f96c9d6220215f0bf6168398c6795bed.js host=mfblog.herokuapp.com fwd="58.186.154.214" dyno=web.1 queue=0 wait=2ms connect=4ms service=8ms status=304 bytes=0
2013-03-04T20:09:47+00:00 heroku[router]: at=info method=GET path=/assets/admin/active_admin-95ad68f699df9b8b6b84607598414232.css host=mfblog.herokuapp.com fwd="58.186.154.214" dyno=web.1 queue=0 wait=0ms connect=1ms service=6ms status=304 bytes=0
2013-03-04T20:09:48+00:00 heroku[router]: at=info method=GET path=/assets/active_admin/datepicker/datepicker-nipple-e13362aa148d84973a266eeee0b89e9a.png host=mfblog.herokuapp.com fwd="58.186.154.214" dyno=web.1 queue=0 wait=1ms connect=3ms service=5ms status=200 bytes=1224
2013-03-04T20:09:48+00:00 heroku[router]: at=info method=GET path=/assets/active_admin/datepicker/datepicker-input-icon-876ae70b38bc880f91ce2315ed552260.png host=mfblog.herokuapp.com fwd="58.186.154.214" dyno=web.1 queue=0 wait=1ms connect=4ms service=6ms status=200 bytes=1535
2013-03-04T20:09:48+00:00 heroku[router]: at=info method=GET path=/assets/active_admin/orderable-d9e1503253eff94adee978d6f43f2409.png host=mfblog.herokuapp.com fwd="58.186.154.214" dyno=web.1 queue=0 wait=0ms connect=3ms service=4ms status=304 bytes=0
2013-03-04T20:10:02+00:00 app[web.1]: 
2013-03-04T20:10:02+00:00 app[web.1]: 
2013-03-04T20:10:02+00:00 app[web.1]: Started GET "/admin/profiles/new" for 58.186.154.214 at 2013-03-04 20:10:02 +0000
2013-03-04T20:10:03+00:00 app[web.1]: Processing by Admin::ProfilesController#new as HTML
2013-03-04T20:10:03+00:00 app[web.1]:   Rendered vendor/bundle/ruby/1.9.1/gems/activeadmin-0.5.1/app/views/active_admin/resource/new.html.arb (275.3ms)
2013-03-04T20:10:03+00:00 app[web.1]: Completed 200 OK in 303ms (Views: 280.1ms | ActiveRecord: 3.2ms)
2013-03-04T20:10:03+00:00 heroku[router]: at=info method=GET path=/admin/profiles/new host=mfblog.herokuapp.com fwd="58.186.154.214" dyno=web.1 queue=0 wait=2ms connect=4ms service=327ms status=200 bytes=4198
2013-03-04T20:10:03+00:00 heroku[router]: at=info method=GET path=/assets/ckeditor/config.js?t=D08E host=mfblog.herokuapp.com fwd="58.186.154.214" dyno=web.1 queue=0 wait=0ms connect=1ms service=11ms status=200 bytes=198
2013-03-04T20:10:04+00:00 heroku[router]: at=info method=GET path=/assets/ckeditor/lang/en.js?t=D08E host=mfblog.herokuapp.com fwd="58.186.154.214" dyno=web.1 queue=0 wait=0ms connect=2ms service=9ms status=200 bytes=16490
2013-03-04T20:10:04+00:00 heroku[router]: at=info method=GET path=/assets/ckeditor/skins/moono/editor.css?t=D08E host=mfblog.herokuapp.com fwd="58.186.154.214" dyno=web.1 queue=0 wait=0ms connect=2ms service=7ms status=200 bytes=30965
2013-03-04T20:10:06+00:00 heroku[router]: at=info method=GET path=/assets/ckeditor/plugins/icons.png?t=D08E host=mfblog.herokuapp.com fwd="58.186.154.214" dyno=web.1 queue=0 wait=0ms connect=3ms service=11ms status=200 bytes=21201
2013-03-04T20:10:07+00:00 heroku[router]: at=info method=GET path=/assets/ckeditor/contents.css host=mfblog.herokuapp.com fwd="58.186.154.214" dyno=web.1 queue=0 wait=17ms connect=14ms service=17ms status=200 bytes=875
2013-03-04T20:10:07+00:00 heroku[router]: at=info method=GET path=/assets/ckeditor/styles.js?t=D08E host=mfblog.herokuapp.com fwd="58.186.154.214" dyno=web.1 queue=0 wait=0ms connect=1ms service=9ms status=200 bytes=2080
2013-03-04T20:10:07+00:00 heroku[router]: at=info method=GET path=/assets/ckeditor/skins/moono/icons.png host=mfblog.herokuapp.com fwd="58.186.154.214" dyno=web.1 queue=0 wait=0ms connect=2ms service=24ms status=200 bytes=21201
2013-03-04T20:12:42+00:00 app[web.1]: 
2013-03-04T20:12:42+00:00 app[web.1]: 
2013-03-04T20:12:42+00:00 app[web.1]: Started POST "/admin/profiles" for 58.186.154.214 at 2013-03-04 20:12:42 +0000
2013-03-04T20:12:42+00:00 app[web.1]: Processing by Admin::ProfilesController#create as HTML
2013-03-04T20:12:42+00:00 app[web.1]:   Parameters: {"utf8"=>"✓", "authenticity_token"=>"bqv+ZSLnr8pidEvCkVjnLqwv1/NPdC90QMWoPssIzLE=", "profile"=>{"name"=>"Minh Long", "avatar"=>"http://www.deviantart.com/download/167163267/Steiner_____FF9_by_Rasuel.png", "facebook"=>"https://www.facebook.com/minhlong.fet", "linkedin"=>"", "twitter"=>"minhlong.fet", "biography"=>"<p>Test biography here</p>\r\n"}, "commit"=>"Create Profile"}
2013-03-04T20:12:42+00:00 app[web.1]: Redirected to http://mfblog.herokuapp.com/admin/profiles/7
2013-03-04T20:12:42+00:00 app[web.1]: Completed 302 Found in 103ms (ActiveRecord: 0.0ms)
2013-03-04T20:12:42+00:00 heroku[router]: at=info method=POST path=/admin/profiles host=mfblog.herokuapp.com fwd="58.186.154.214" dyno=web.1 queue=0 wait=0ms connect=1ms service=157ms status=302 bytes=110
2013-03-04T20:12:42+00:00 app[web.1]: 
2013-03-04T20:12:42+00:00 app[web.1]: 
2013-03-04T20:12:42+00:00 app[web.1]: Started GET "/admin/profiles/7" for 58.186.154.214 at 2013-03-04 20:12:42 +0000
2013-03-04T20:12:43+00:00 app[web.1]: Processing by Admin::ProfilesController#show as HTML
2013-03-04T20:12:43+00:00 app[web.1]:   Parameters: {"id"=>"7"}
2013-03-04T20:12:43+00:00 app[web.1]:   Rendered vendor/bundle/ruby/1.9.1/gems/activeadmin-0.5.1/app/views/active_admin/resource/show.html.arb (176.1ms)
2013-03-04T20:12:43+00:00 app[web.1]: Completed 200 OK in 187ms (Views: 157.4ms | ActiveRecord: 25.4ms)
2013-03-04T20:12:43+00:00 heroku[router]: at=info method=GET path=/admin/profiles/7 host=mfblog.herokuapp.com fwd="58.186.154.214" dyno=web.1 queue=0 wait=0ms connect=3ms service=199ms status=200 bytes=5801
2013-03-04T20:12:43+00:00 heroku[router]: at=info method=GET path=/assets/admin/active_admin-f96c9d6220215f0bf6168398c6795bed.js host=mfblog.herokuapp.com fwd="58.186.154.214" dyno=web.1 queue=0 wait=0ms connect=0ms service=6ms status=304 bytes=0
2013-03-04T20:12:45+00:00 heroku[router]: at=info method=GET path=/favicon.ico host=mfblog.herokuapp.com fwd="58.186.154.214" dyno=web.1 queue=0 wait=0ms connect=0ms service=4ms status=304 bytes=0
2013-03-04T20:12:52+00:00 app[web.1]: 
2013-03-04T20:12:52+00:00 app[web.1]: 
2013-03-04T20:12:52+00:00 app[web.1]: Started GET "/admin/admin_users" for 58.186.154.214 at 2013-03-04 20:12:52 +0000
2013-03-04T20:12:52+00:00 heroku[router]: at=info method=GET path=/admin/admin_users host=mfblog.herokuapp.com fwd="58.186.154.214" dyno=web.1 queue=0 wait=0ms connect=4ms service=266ms status=304 bytes=0
2013-03-04T20:12:52+00:00 app[web.1]: Processing by Admin::AdminUsersController#index as HTML
2013-03-04T20:12:52+00:00 app[web.1]:   Rendered vendor/bundle/ruby/1.9.1/gems/activeadmin-0.5.1/app/views/active_admin/resource/index.html.arb (232.1ms)
2013-03-04T20:12:52+00:00 app[web.1]: Completed 200 OK in 253ms (Views: 207.5ms | ActiveRecord: 41.1ms)
2013-03-04T20:12:53+00:00 heroku[router]: at=info method=GET path=/assets/active_admin/orderable-d9e1503253eff94adee978d6f43f2409.png host=mfblog.herokuapp.com fwd="58.186.154.214" dyno=web.1 queue=0 wait=5ms connect=7ms service=6ms status=304 bytes=0
2013-03-04T20:12:44+00:00 heroku[router]: at=info method=GET path=/assets/admin/active_admin-95ad68f699df9b8b6b84607598414232.css host=mfblog.herokuapp.com fwd="58.186.154.214" dyno=web.1 queue=0 wait=7ms connect=3ms service=12ms status=304 bytes=0
2013-03-04T20:12:56+00:00 app[web.1]: 
2013-03-04T20:12:56+00:00 app[web.1]: 
2013-03-04T20:12:56+00:00 app[web.1]: Started GET "/admin/admin_users/new" for 58.186.154.214 at 2013-03-04 20:12:56 +0000
2013-03-04T20:12:56+00:00 heroku[router]: at=info method=GET path=/admin/admin_users/new host=mfblog.herokuapp.com fwd="58.186.154.214" dyno=web.1 queue=0 wait=1ms connect=7ms service=258ms status=200 bytes=4233
2013-03-04T20:12:56+00:00 app[web.1]: Processing by Admin::AdminUsersController#new as HTML
2013-03-04T20:12:56+00:00 app[web.1]:   Rendered vendor/bundle/ruby/1.9.1/gems/activeadmin-0.5.1/app/views/active_admin/resource/new.html.arb (244.6ms)
2013-03-04T20:12:56+00:00 app[web.1]: Completed 200 OK in 250ms (Views: 244.7ms | ActiveRecord: 1.7ms)
2013-03-04T20:13:13+00:00 app[web.1]: 
2013-03-04T20:13:13+00:00 app[web.1]: 
2013-03-04T20:13:13+00:00 app[web.1]: Started POST "/admin/admin_users" for 58.186.154.214 at 2013-03-04 20:13:13 +0000
2013-03-04T20:13:14+00:00 app[web.1]: Processing by Admin::AdminUsersController#create as HTML
2013-03-04T20:13:14+00:00 app[web.1]:   Parameters: {"utf8"=>"✓", "authenticity_token"=>"bqv+ZSLnr8pidEvCkVjnLqwv1/NPdC90QMWoPssIzLE=", "admin_user"=>{"email"=>"minhlong@mobifood.vn", "password"=>"[FILTERED]", "password_confirmation"=>"[FILTERED]", "profile_id"=>"7", "is_active"=>"1"}, "commit"=>"Create Admin user"}
2013-03-04T20:13:14+00:00 app[web.1]: Redirected to http://mfblog.herokuapp.com/admin/admin_users/2
2013-03-04T20:13:14+00:00 app[web.1]: Completed 302 Found in 233ms (ActiveRecord: 0.0ms)
2013-03-04T20:13:14+00:00 heroku[router]: at=info method=POST path=/admin/admin_users host=mfblog.herokuapp.com fwd="58.186.154.214" dyno=web.1 queue=0 wait=1ms connect=2ms service=253ms status=302 bytes=113
2013-03-04T20:13:14+00:00 app[web.1]: 
2013-03-04T20:13:14+00:00 app[web.1]: 
2013-03-04T20:13:14+00:00 app[web.1]: Started GET "/admin/admin_users/2" for 58.186.154.214 at 2013-03-04 20:13:14 +0000
2013-03-04T20:13:14+00:00 app[web.1]: Processing by Admin::AdminUsersController#show as HTML
2013-03-04T20:13:14+00:00 app[web.1]:   Parameters: {"id"=>"2"}
2013-03-04T20:13:14+00:00 app[web.1]:   Rendered vendor/bundle/ruby/1.9.1/gems/activeadmin-0.5.1/app/views/active_admin/resource/show.html.arb (340.8ms)
2013-03-04T20:13:14+00:00 app[web.1]: Completed 200 OK in 357ms (Views: 342.6ms | ActiveRecord: 6.0ms)
2013-03-04T20:13:14+00:00 heroku[router]: at=info method=GET path=/admin/admin_users/2 host=mfblog.herokuapp.com fwd="58.186.154.214" dyno=web.1 queue=0 wait=0ms connect=3ms service=374ms status=200 bytes=7125
2013-03-04T20:14:33+00:00 app[web.1]: 
2013-03-04T20:14:33+00:00 app[web.1]: 
2013-03-04T20:14:33+00:00 app[web.1]: Started GET "/profiles/2" for 58.186.154.214 at 2013-03-04 20:14:33 +0000
2013-03-04T20:14:33+00:00 app[web.1]: 
2013-03-04T20:14:33+00:00 app[web.1]: ActiveRecord::RecordNotFound (Couldn't find Profile with id=2):
2013-03-04T20:14:33+00:00 app[web.1]:   app/controllers/profiles_controller.rb:18:in `show'
2013-03-04T20:14:33+00:00 app[web.1]: 
2013-03-04T20:14:33+00:00 app[web.1]: 
2013-03-04T20:14:33+00:00 app[web.1]: Processing by ProfilesController#show as HTML
2013-03-04T20:14:33+00:00 heroku[router]: at=info method=GET path=/profiles/2 host=mfblog.herokuapp.com fwd="58.186.154.214" dyno=web.1 queue=0 wait=0ms connect=2ms service=17ms status=404 bytes=728
2013-03-04T20:14:33+00:00 app[web.1]:   Parameters: {"id"=>"2"}
2013-03-04T20:14:33+00:00 app[web.1]: Completed 500 Internal Server Error in 2ms
2013-03-04T20:14:34+00:00 heroku[router]: at=info method=GET path=/favicon.ico host=mfblog.herokuapp.com fwd="58.186.154.214" dyno=web.1 queue=0 wait=0ms connect=2ms service=21ms status=304 bytes=0
2013-03-04T20:14:38+00:00 app[web.1]: 
2013-03-04T20:14:38+00:00 app[web.1]: 
2013-03-04T20:14:38+00:00 app[web.1]: Started GET "/profiles/3" for 58.186.154.214 at 2013-03-04 20:14:38 +0000
2013-03-04T20:14:38+00:00 app[web.1]: 
2013-03-04T20:14:38+00:00 app[web.1]: ActiveRecord::RecordNotFound (Couldn't find Profile with id=3):
2013-03-04T20:14:38+00:00 app[web.1]:   app/controllers/profiles_controller.rb:18:in `show'
2013-03-04T20:14:38+00:00 app[web.1]: 
2013-03-04T20:14:38+00:00 app[web.1]: 
2013-03-04T20:14:38+00:00 app[web.1]: Processing by ProfilesController#show as HTML
2013-03-04T20:14:38+00:00 heroku[router]: at=info method=GET path=/profiles/3 host=mfblog.herokuapp.com fwd="58.186.154.214" dyno=web.1 queue=0 wait=0ms connect=3ms service=14ms status=404 bytes=728
2013-03-04T20:14:38+00:00 app[web.1]:   Parameters: {"id"=>"3"}
2013-03-04T20:14:38+00:00 app[web.1]: Completed 500 Internal Server Error in 2ms
2013-03-04T20:14:43+00:00 app[web.1]: 
2013-03-04T20:14:43+00:00 app[web.1]: 
2013-03-04T20:14:43+00:00 app[web.1]: Started GET "/" for 58.186.154.214 at 2013-03-04 20:14:43 +0000
2013-03-04T20:14:43+00:00 app[web.1]: Processing by PostsController#index as HTML
2013-03-04T20:14:43+00:00 heroku[router]: at=info method=GET path=/assets/logo-4a9764d58e34332173f6bfcbb06f0eee.png host=mfblog.herokuapp.com fwd="58.186.154.214" dyno=web.1 queue=0 wait=0ms connect=2ms service=98ms status=304 bytes=0
2013-03-04T20:14:43+00:00 heroku[router]: at=info method=GET path=/assets/application-a32afc0310fa7b4f844a4c4f7bf58a31.js host=mfblog.herokuapp.com fwd="58.186.154.214" dyno=web.1 queue=0 wait=0ms connect=5ms service=111ms status=304 bytes=0
2013-03-04T20:14:43+00:00 heroku[router]: at=info method=GET path=/ host=mfblog.herokuapp.com fwd="58.186.154.214" dyno=web.1 queue=0 wait=0ms connect=2ms service=388ms status=304 bytes=0
2013-03-04T20:14:43+00:00 app[web.1]:   Rendered posts/_normal_thread.html.haml (253.8ms)
2013-03-04T20:14:43+00:00 app[web.1]:   Rendered posts/_articles_stream.html.haml (271.5ms)
2013-03-04T20:14:43+00:00 app[web.1]:   Rendered posts/_sidebar_post.html.haml (2.3ms)
2013-03-04T20:14:43+00:00 app[web.1]:   Rendered posts/_sidebar_posts.html.haml (5.1ms)
2013-03-04T20:14:43+00:00 app[web.1]:   Rendered posts/index.html.haml within layouts/application (280.0ms)
2013-03-04T20:14:43+00:00 app[web.1]:   Rendered categories/_category_button.html.haml (83.0ms)
2013-03-04T20:14:43+00:00 app[web.1]:   Rendered vendor/bundle/ruby/1.9.1/gems/twitter-bootstrap-rails-2.2.0/app/views/twitter-bootstrap/_breadcrumbs.html.erb (0.6ms)
2013-03-04T20:14:43+00:00 app[web.1]: Completed 200 OK in 379ms (Views: 363.8ms | ActiveRecord: 13.5ms)
2013-03-04T20:14:43+00:00 heroku[router]: at=info method=GET path=/assets/application-f5bcc389552b0116b3f468c6dbc32a77.css host=mfblog.herokuapp.com fwd="58.186.154.214" dyno=web.1 queue=0 wait=0ms connect=3ms service=8ms status=304 bytes=0
2013-03-04T20:14:44+00:00 heroku[router]: at=info method=GET path=/assets/logo-4a9764d58e34332173f6bfcbb06f0eee.png host=mfblog.herokuapp.com fwd="58.186.154.214" dyno=web.1 queue=0 wait=0ms connect=2ms service=15ms status=304 bytes=0
2013-03-04T20:14:53+00:00 app[web.1]: 
2013-03-04T20:14:53+00:00 app[web.1]: 
2013-03-04T20:14:53+00:00 app[web.1]: Started GET "/categories/1" for 58.186.154.214 at 2013-03-04 20:14:53 +0000
2013-03-04T20:14:53+00:00 heroku[router]: at=info method=GET path=/categories/1 host=mfblog.herokuapp.com fwd="58.186.154.214" dyno=web.1 queue=0 wait=0ms connect=4ms service=33ms status=500 bytes=643
2013-03-04T20:14:53+00:00 app[web.1]: 
2013-03-04T20:14:53+00:00 app[web.1]: ActionView::Template::Error (undefined local variable or method `categories_path' for #<#<Class:0x00000006679fc0>:0x00000006672a68>):
2013-03-04T20:14:53+00:00 app[web.1]:     16:   = @category.parent_category ? @category.parent_category.name : ""
2013-03-04T20:14:53+00:00 app[web.1]:     17: 
2013-03-04T20:14:53+00:00 app[web.1]:     18: .form-actions
2013-03-04T20:14:53+00:00 app[web.1]:     19:   = link_to t('.back', :default => t("helpers.links.back")), categories_path, :class => 'btn'
2013-03-04T20:14:53+00:00 app[web.1]:     20:   = link_to t('.edit', :default => t("helpers.links.edit")), edit_category_path(@category), :class => 'btn'
2013-03-04T20:14:53+00:00 app[web.1]:     21:   = link_to t('.destroy', :default => t("helpers.links.destroy")), category_path(@category), :method => "delete", :data => { :confirm => t('.confirm', :default => t("helpers.links.confirm", :default => 'Are you sure?')) }, :class => 'btn btn-danger'
2013-03-04T20:14:53+00:00 app[web.1]:   app/views/categories/show.html.haml:19:in `_app_views_categories_show_html_haml___2943281762042154332_53406420'
2013-03-04T20:14:53+00:00 app[web.1]:   app/controllers/categories_controller.rb:18:in `show'
2013-03-04T20:14:53+00:00 app[web.1]: 
2013-03-04T20:14:53+00:00 app[web.1]: 
2013-03-04T20:14:53+00:00 app[web.1]: Processing by CategoriesController#show as HTML
2013-03-04T20:14:53+00:00 app[web.1]:   Parameters: {"id"=>"1"}
2013-03-04T20:14:53+00:00 app[web.1]:   Rendered categories/show.html.haml within layouts/application (16.4ms)
2013-03-04T20:14:53+00:00 app[web.1]: Completed 500 Internal Server Error in 22ms
